i:\项目管理\ifdealer_qt\x64\debug\moc_ifdealer_qt.obj
i:\项目管理\ifdealer_qt\x64\debug\qrc_ifdealer_qt.obj
i:\项目管理\ifdealer_qt\x64\debug\moc_imagewindow.obj
i:\项目管理\ifdealer_qt\x64\debug\vc142.pdb
i:\项目管理\ifdealer_qt\x64\debug\main.obj
i:\项目管理\ifdealer_qt\x64\debug\imagewindow.obj
i:\项目管理\ifdealer_qt\x64\debug\ifdealer_qt.obj
i:\项目管理\ifdealer_qt\x64\debug\imagectrl.obj
i:\项目管理\ifdealer_qt\x64\debug\processimage.obj
i:\项目管理\ifdealer_qt\x64\debug\uic\ui_ifdealer_qt.h
i:\项目管理\ifdealer_qt\x64\debug\uic\ui_imagewindow.h
i:\项目管理\ifdealer_qt\x64\debug\rcc\qrc_ifdealer_qt.cpp
i:\项目管理\ifdealer_qt\x64\debug\moc\moc_ifdealer_qt.cpp
i:\项目管理\ifdealer_qt\x64\debug\moc\moc_imagewindow.cpp
i:\项目管理\ifdealer_qt\x64\debug\ifdealer_qt.ilk
i:\项目管理\ifdealer_qt\x64\debug\ifdealer_qt.exe
i:\项目管理\ifdealer_qt\x64\debug\ifdealer_qt.pdb
i:\项目管理\ifdealer_qt\x64\debug\\moc\moc_ifdealer_qt.cpp
i:\项目管理\ifdealer_qt\x64\debug\\moc\moc_imagewindow.cpp
i:\项目管理\ifdealer_qt\x64\debug\\rcc\qrc_ifdealer_qt.cpp
i:\项目管理\ifdealer_qt\x64\debug\\uic\ui_ifdealer_qt.h
i:\项目管理\ifdealer_qt\x64\debug\\uic\ui_imagewindow.h
i:\项目管理\ifdealer_qt\x64\debug\ifdealer_qt.tlog\cl.command.1.tlog
i:\项目管理\ifdealer_qt\x64\debug\ifdealer_qt.tlog\cl.read.1.tlog
i:\项目管理\ifdealer_qt\x64\debug\ifdealer_qt.tlog\cl.write.1.tlog
i:\项目管理\ifdealer_qt\x64\debug\ifdealer_qt.tlog\ifdealer_qt.write.1u.tlog
i:\项目管理\ifdealer_qt\x64\debug\ifdealer_qt.tlog\link.command.1.tlog
i:\项目管理\ifdealer_qt\x64\debug\ifdealer_qt.tlog\link.read.1.tlog
i:\项目管理\ifdealer_qt\x64\debug\ifdealer_qt.tlog\link.write.1.tlog
i:\项目管理\ifdealer_qt\x64\debug\ifdealer_qt.tlog\moc.read.1u.tlog
i:\项目管理\ifdealer_qt\x64\debug\ifdealer_qt.tlog\moc.write.1u.tlog
i:\项目管理\ifdealer_qt\x64\debug\ifdealer_qt.tlog\rcc.read.1u.tlog
i:\项目管理\ifdealer_qt\x64\debug\ifdealer_qt.tlog\rcc.write.1u.tlog
i:\项目管理\ifdealer_qt\x64\debug\ifdealer_qt.tlog\uic.read.1u.tlog
i:\项目管理\ifdealer_qt\x64\debug\ifdealer_qt.tlog\uic.write.1u.tlog
